2023-10-21 14:50:34 PM: INFO: ************ Test_001_Home ************
2023-10-21 14:50:34 PM: INFO: ************ Verifying Home Page Title ************
2023-10-21 14:50:37 PM: INFO: ************ Home Page Title test is passed ************
2023-10-21 14:50:38 PM: INFO: ************ Verifying Careers Page Title ************
2023-10-21 14:50:43 PM: INFO: ************ Careers Page Title test is passed ************
2023-10-21 15:02:45 PM: INFO: ************ Test_001_Home ************
2023-10-21 15:02:45 PM: INFO: ************ Verifying Home Page Title ************
2023-10-21 15:02:47 PM: INFO: ************ Home Page Title test is passed ************
2023-10-21 15:02:48 PM: INFO: ************ Verifying Careers Page Title ************
2023-10-21 15:02:53 PM: INFO: ************ Careers Page Title test is passed ************
2023-10-21 15:03:45 PM: INFO: ************ Test_001_Home ************
2023-10-21 15:03:45 PM: INFO: ************ Verifying Home Page Title ************
2023-10-21 15:03:48 PM: INFO: ************ Home Page Title test is passed ************
2023-10-21 15:03:53 PM: INFO: ************ Verifying Careers Page Title ************
2023-10-21 15:03:58 PM: INFO: ************ Careers Page Title test is passed ************
2023-10-21 15:06:28 PM: INFO: ************ Test_001_Home ************
2023-10-21 15:06:28 PM: INFO: ************ Verifying Home Page Title ************
2023-10-21 15:10:18 PM: INFO: ************ Test_001_Home ************
2023-10-21 15:10:18 PM: INFO: ************ Verifying Home Page Title ************
2023-10-21 15:10:20 PM: INFO: ************ Home Page Title test is passed ************
2023-10-21 15:10:24 PM: INFO: ************ Verifying Careers Page Title ************
2023-10-21 15:10:29 PM: INFO: ************ Careers Page Title test is passed ************
2023-10-21 15:11:43 PM: INFO: ************ Test_001_Home ************
2023-10-21 15:11:43 PM: INFO: ************ Verifying Home Page Title ************
2023-10-21 15:11:46 PM: INFO: ************ Home Page Title test is passed ************
2023-10-21 15:11:48 PM: INFO: ************ Verifying Careers Page Title ************
2023-10-21 15:11:54 PM: INFO: ************ Careers Page Title test is passed ************
2023-10-21 15:14:17 PM: INFO: ************ Test_001_Home ************
2023-10-21 15:14:17 PM: INFO: ************ Verifying Home Page Title ************
2023-10-21 15:14:17 PM: INFO: ************ Verifying Careers Page Title ************
2023-10-21 15:14:21 PM: INFO: ************ Home Page Title test is passed ************
2023-10-21 15:14:23 PM: INFO: ************ Careers Page Title test is passed ************
2023-10-21 15:26:43 PM: INFO: ************ Test_001_Home ************
2023-10-21 15:26:43 PM: INFO: ************ Verifying Home Page Title ************
2023-10-21 15:26:43 PM: INFO: ************ Verifying Careers Page Title ************
2023-10-21 15:26:45 PM: INFO: ************ Home Page Title test is passed ************
2023-10-21 15:26:48 PM: INFO: ************ Careers Page Title test is passed ************
2023-10-21 15:37:35 PM: INFO: ************ Test_001_Home ************
 ************
2023-10-21 15:37:35 PM: INFO: ************ Verifying Home Page Title ************
2023-10-21 15:37:39 PM: INFO: ************ Home Page Title test is passed ************
2023-10-21 15:37:58 PM: INFO: ************ Careers Page Title test is passed ************
2023-10-21 15:50:39 PM: INFO: ************ Verifying Careers Page Title ************
2023-10-21 15:50:39 PM: INFO: ************ Test_001_Home ************
2023-10-21 15:50:39 PM: INFO: ************ Verifying Home Page Title ************
2023-10-21 15:50:41 PM: INFO: ************ Home Page Title test is passed ************
2023-10-21 15:50:45 PM: INFO: ************ Careers Page Title test is passed ************
2023-10-21 15:55:12 PM: INFO: ************ Verifying Careers Page Title ************
2023-10-21 15:55:12 PM: INFO: ************ Test_001_Home ************
2023-10-21 15:55:12 PM: INFO: ************ Verifying Home Page Title ************
2023-10-21 15:55:16 PM: INFO: ************ Home Page Title test is passed ************
2023-10-21 15:55:18 PM: INFO: ************ Careers Page Title test is passed ************
2023-10-21 19:46:52 PM: INFO: ************ Verifying Careers Page Title ************
2023-10-21 19:46:52 PM: INFO: ************ Verifying Home Page Title ************
2023-10-21 19:46:55 PM: INFO: ************ Home Page Title test is passed ************
2023-10-21 19:46:57 PM: INFO: ************ Careers Page Title test is passed ************
2023-10-21 19:48:47 PM: INFO: ************ Test_001_Home ************
2023-10-21 19:48:47 PM: INFO: ************ Verifying Home Page Title ************
2023-10-21 19:48:47 PM: INFO: ************ Verifying Careers Page Title ************
2023-10-21 19:48:51 PM: INFO: ************ Home Page Title test is passed ************
2023-10-21 19:48:53 PM: INFO: ************ Careers Page Title test is passed ************
2023-10-21 20:10:25 PM: INFO: ************ Test_001_Home ************
2023-10-21 20:10:25 PM: INFO: ************ Verifying Home Page Title ************
2023-10-21 20:10:25 PM: INFO: ************ Verifying Careers Page Title ************
2023-10-21 20:10:28 PM: INFO: ************ Home Page Title test is passed ************
2023-10-21 20:10:30 PM: INFO: ************ Careers Page Title test is passed ************
2023-10-21 20:11:24 PM: INFO: ************ Test_001_Home ************
2023-10-21 20:11:24 PM: INFO: ************ Verifying Home Page Title ************
2023-10-21 20:11:24 PM: INFO: ************ Verifying Careers Page Title ************
2023-10-21 20:11:28 PM: INFO: ************ Home Page Title test is passed ************
2023-10-21 20:11:29 PM: INFO: ************ Careers Page Title test is passed ************
2023-10-21 20:25:48 PM: INFO: ************ Verifying Careers Page Title ************
2023-10-21 20:25:48 PM: INFO: ************ Test_001_Home ************
2023-10-21 20:25:48 PM: INFO: ************ Verifying Home Page Title ************
2023-10-21 20:25:51 PM: INFO: ************ Home Page Title test is passed ************
2023-10-21 20:27:52 PM: INFO: ************ Test_001_Home ************
2023-10-21 20:27:52 PM: INFO: ************ Verifying Home Page Title ************
2023-10-21 20:27:52 PM: INFO: ************ Verifying Careers Page Title ************
2023-10-21 20:27:55 PM: INFO: ************ Home Page Title test is passed ************
2023-10-21 21:02:53 PM: INFO: ************ Test_001_Home ************
2023-10-21 21:02:53 PM: INFO: ************ Verifying Home Page Title ************
2023-10-21 21:02:53 PM: INFO: ************ Verifying Careers Page Title ************
2023-10-21 21:02:56 PM: INFO: ************ Home Page Title test is passed ************
2023-10-21 21:03:42 PM: INFO: ************ Test_001_Home ************
2023-10-21 21:03:42 PM: INFO: ************ Verifying Home Page Title ************
2023-10-21 21:03:42 PM: INFO: ************ Verifying Careers Page Title ************
2023-10-21 21:03:45 PM: INFO: ************ Home Page Title test is passed ************
2023-10-21 21:09:02 PM: INFO: ************ Verifying Careers Page Title ************
2023-10-21 21:09:02 PM: INFO: ************ Test_001_Home ************
2023-10-21 21:09:02 PM: INFO: ************ Verifying Home Page Title ************
2023-10-21 21:09:06 PM: INFO: ************ Home Page Title test is passed ************
2023-10-21 21:09:44 PM: INFO: ************ Verifying Careers Page Title ************
2023-10-21 21:09:44 PM: INFO: ************ Test_001_Home ************
2023-10-21 21:09:44 PM: INFO: ************ Verifying Home Page Title ************
2023-10-21 21:09:48 PM: INFO: ************ Home Page Title test is passed ************
2023-10-21 21:21:24 PM: INFO: ************ Test_001_Home ************
2023-10-21 21:21:24 PM: INFO: ************ Verifying Home Page Title ************
2023-10-21 21:21:24 PM: INFO: ************ Verifying Careers Page Title ************
2023-10-21 21:21:28 PM: INFO: ************ Home Page Title test is passed ************
2023-10-21 21:21:30 PM: INFO: ************ Careers Page Title test is passed ************
2023-10-21 21:25:33 PM: INFO: ************ Test_001_Home ************
2023-10-21 21:25:33 PM: INFO: ************ Verifying Home Page Title ************
2023-10-21 21:25:33 PM: INFO: ************ Verifying Careers Page Title ************
2023-10-21 21:25:37 PM: INFO: ************ Home Page Title test is passed ************
2023-10-21 21:33:43 PM: INFO: ************ Verifying Careers Page Title ************
2023-10-21 21:33:43 PM: INFO: ************ Test_001_Home ************
2023-10-21 21:33:43 PM: INFO: ************ Verifying Home Page Title ************
2023-10-21 21:33:47 PM: INFO: ************ Home Page Title test is passed ************
2023-10-21 21:33:50 PM: INFO: ************ Careers Page Title test is passed ************
2023-10-21 21:37:55 PM: INFO: ************ Test_001_Home ************
2023-10-21 21:37:55 PM: INFO: ************ Verifying Home Page Title ************
2023-10-21 21:37:55 PM: INFO: ************ Verifying Careers Page Title ************
2023-10-21 21:37:59 PM: INFO: ************ Home Page Title test is passed ************
2023-10-21 21:38:52 PM: INFO: ************ Test_001_Home ************
2023-10-21 21:38:52 PM: INFO: ************ Verifying Home Page Title ************
2023-10-21 21:38:52 PM: INFO: ************ Verifying Careers Page Title ************
2023-10-21 21:38:55 PM: INFO: ************ Home Page Title test is passed ************
2023-10-21 21:46:09 PM: INFO: ************ Test_001_Home ************
2023-10-21 21:46:09 PM: INFO: ************ Verifying Home Page Title ************
2023-10-21 21:46:09 PM: INFO: ************ Verifying Careers Page Title ************
2023-10-21 21:46:13 PM: INFO: ************ Home Page Title test is passed ************
2023-10-21 21:46:41 PM: INFO: ************ Test_001_Home ************
2023-10-21 21:46:41 PM: INFO: ************ Verifying Home Page Title ************
2023-10-21 21:46:44 PM: INFO: ************ Home Page Title test is passed ************
2023-10-21 21:46:46 PM: INFO: ************ Verifying Careers Page Title ************
2023-10-21 21:56:34 PM: INFO: ************ Test_001_Home ************
2023-10-21 21:56:34 PM: INFO: ************ Verifying Home Page Title ************
2023-10-21 21:56:37 PM: INFO: ************ Home Page Title test is passed ************
2023-10-21 21:56:38 PM: INFO: ************ Verifying Careers Page Title ************
2023-10-21 21:56:42 PM: INFO: ************ Careers Page Title test is passed ************
2023-10-21 21:57:46 PM: INFO: ************ Test_001_Home ************
2023-10-21 21:57:46 PM: INFO: ************ Verifying Home Page Title ************
2023-10-21 21:57:48 PM: INFO: ************ Home Page Title test is passed ************
2023-10-21 21:57:50 PM: INFO: ************ Verifying Careers Page Title ************
2023-10-21 21:57:54 PM: INFO: ************ Careers Page Title test is passed ************
2023-10-21 21:58:55 PM: INFO: ************ Test_001_Home ************
2023-10-21 21:58:55 PM: INFO: ************ Verifying Home Page Title ************
2023-10-21 21:58:58 PM: INFO: ************ Home Page Title test is passed ************
2023-10-21 21:58:59 PM: INFO: ************ Verifying Careers Page Title ************
2023-10-21 21:59:04 PM: INFO: ************ Careers Page Title test is passed ************
2023-10-21 22:00:15 PM: INFO: ************ Test_001_Home ************
2023-10-21 22:00:15 PM: INFO: ************ Verifying Home Page Title ************
2023-10-21 22:00:15 PM: INFO: ************ Verifying Careers Page Title ************
2023-10-21 22:00:18 PM: INFO: ************ Home Page Title test is passed ************
2023-10-21 22:00:19 PM: INFO: ************ Careers Page Title test is passed ************
2023-10-22 16:55:08 PM: INFO: ************ Test_001_Home ************
2023-10-22 16:55:08 PM: INFO: ************ Verifying Home Page Title ************
2023-10-22 16:55:08 PM: INFO: ************ Verifying Careers Page Title ************
2023-10-22 16:55:11 PM: INFO: ************ Home Page Title test is passed ************
2023-10-22 16:55:13 PM: INFO: ************ Careers Page Title test is passed ************
2023-10-22 18:08:42 PM: INFO: ************ Verifying Careers Page Title ************
2023-10-22 18:09:11 PM: INFO: ************ Verifying Careers Page Title ************
2023-10-22 18:12:37 PM: INFO: ************ Verifying Careers Page Elements ************
2023-10-22 18:13:58 PM: INFO: ************ Verifying Careers Page Elements ************
2023-10-22 18:15:54 PM: INFO: ************ Verifying Careers Page Elements ************
2023-10-22 18:49:22 PM: INFO: ************ Verifying Careers Page Elements ************
2023-10-22 18:50:29 PM: INFO: ************ Verifying Careers Page Elements ************
2023-10-22 18:58:40 PM: INFO: ************ Verifying Careers Page Elements ************
2023-10-22 19:05:46 PM: INFO: ************ Verifying Careers Page Elements ************
2023-10-22 19:08:16 PM: INFO: ************ Verifying Careers Page Elements ************
2023-10-22 19:09:02 PM: INFO: ************ Verifying Careers Page Elements ************
2023-10-22 19:09:45 PM: INFO: ************ Verifying Careers Page Elements ************
2023-10-22 19:11:42 PM: INFO: ************ Verifying Careers Page Elements ************
2023-10-22 19:17:01 PM: INFO: ************ Verifying Careers Page Elements ************
2023-10-22 19:17:24 PM: INFO: ************ Verifying Careers Page Elements ************
2023-10-22 19:18:13 PM: INFO: ************ Verifying Careers Page Elements ************
2023-10-22 19:19:23 PM: INFO: ************ Verifying Careers Page Elements ************
2023-10-22 19:20:45 PM: INFO: ************ Verifying Careers Page Elements ************
2023-10-22 19:21:31 PM: INFO: ************ Verifying Careers Page Elements ************
2023-10-22 19:24:03 PM: INFO: ************ Verifying Careers Page Elements ************
2023-10-22 19:24:43 PM: INFO: ************ Verifying Careers Page Elements ************
2023-10-22 19:25:15 PM: INFO: ************ Verifying Careers Page Elements ************
2023-10-22 19:27:52 PM: INFO: ************ Verifying Careers Page Elements ************
2023-10-22 19:49:15 PM: INFO: ************ Verifying Careers Page Elements ************
2023-10-22 19:50:53 PM: INFO: ************ Verifying Careers Page Elements ************
2023-10-22 19:54:53 PM: INFO: ************ Verifying Careers Page Elements ************
2023-10-22 19:56:20 PM: INFO: ************ Verifying Careers Page Elements ************
2023-10-22 20:08:55 PM: INFO: ************ Test_001_Career ************
2023-10-22 20:08:55 PM: INFO: ************ Verifying Careers Page Element ************
2023-10-22 20:10:16 PM: INFO: ************ Test_001_Career ************
2023-10-22 20:10:16 PM: INFO: ************ Verifying Careers Page Element ************
2023-10-22 20:10:25 PM: INFO: ************ Careers Page See all teams has teams in the text ************
2023-10-22 20:10:40 PM: INFO: ************ Test_001_Career ************
2023-10-22 20:10:40 PM: INFO: ************ Verifying Careers Page Element ************
2023-10-22 20:10:45 PM: INFO: ************ Careers Page See all teams has teams in the text ************
2023-10-22 20:18:31 PM: INFO: ************ Test_002_Career ************
2023-10-22 20:18:31 PM: INFO: ************ Verifying Careers Page Life at Insider Element ************
2023-10-22 20:18:31 PM: INFO: ************ Test_001_Career ************
2023-10-22 20:18:31 PM: INFO: ************ Verifying Careers Page Teams Element ************
2023-10-22 20:18:37 PM: INFO: ************ Careers Page See all teams has teams in the text ************
2023-10-22 20:18:37 PM: INFO: ************ Careers Page See all teams has teams in the text ************
2023-10-23 21:20:58 PM: INFO: ************ Verifying Quality Assurance Elements ************
2023-10-23 21:27:13 PM: INFO: ************ Verifying Quality Assurance Elements ************
2023-10-23 21:28:09 PM: INFO: ************ Verifying Quality Assurance Elements ************
2023-10-23 21:32:22 PM: INFO: ************ Verifying Quality Assurance Elements ************
2023-10-23 21:35:22 PM: INFO: ************ Verifying Quality Assurance Elements ************
2023-10-23 21:36:02 PM: INFO: ************ Verifying Quality Assurance Elements ************
2023-10-23 21:37:19 PM: INFO: ************ Verifying Quality Assurance Elements ************
2023-10-23 21:37:55 PM: INFO: ************ Verifying Quality Assurance Elements ************
2023-10-23 21:39:00 PM: INFO: ************ Verifying Quality Assurance Elements ************
2023-10-23 21:47:45 PM: INFO: ************ Verifying Quality Assurance Elements ************
2023-10-23 21:48:47 PM: INFO: ************ Verifying Quality Assurance Elements ************
2023-10-23 21:53:16 PM: INFO: ************ Verifying Quality Assurance Elements ************
2023-10-23 21:53:42 PM: INFO: ************ Verifying Quality Assurance Elements ************
2023-10-23 21:54:01 PM: INFO: ************ Verifying Quality Assurance Elements ************
2023-10-23 22:28:06 PM: INFO: ************ Verifying Quality Assurance Elements ************
2023-10-23 22:37:06 PM: INFO: ************ Verifying Quality Assurance Elements ************
2023-10-23 22:40:49 PM: INFO: ************ Test_001_Home ************
2023-10-23 22:40:49 PM: INFO: ************ Verifying Home Page Title ************
2023-10-23 22:40:52 PM: INFO: ************ Home Page Title test is passed ************
2023-10-23 22:40:53 PM: INFO: ************ Test_002_Home ************
2023-10-23 22:40:53 PM: INFO: ************ Verifying Careers Page Title ************
2023-10-23 22:40:58 PM: INFO: ************ Careers Page Title test is passed ************
2023-10-23 22:41:14 PM: INFO: ************ Test_001_Career ************
2023-10-23 22:41:14 PM: INFO: ************ Verifying Careers Page Teams Element ************
2023-10-23 22:41:19 PM: INFO: ************ Careers Page See all teams has teams in the text ************
2023-10-23 22:41:20 PM: INFO: ************ Test_002_Career ************
2023-10-23 22:41:20 PM: INFO: ************ Verifying Careers Page Life at Insider Element ************
2023-10-23 22:41:24 PM: INFO: ************ Careers Page life_insider == Life at Insider text ************
2023-10-23 22:41:45 PM: INFO: ************ Verifying Quality Assurance Elements ************
2023-10-24 07:34:43 AM: INFO: ************ Verifying Quality Assurance Elements ************
2023-10-24 07:52:01 AM: INFO: ************ Verifying Quality Assurance Elements ************
2023-10-24 08:13:10 AM: INFO: ************ Verifying Quality Assurance Elements ************
2023-10-24 08:15:22 AM: INFO: ************ Verifying Quality Assurance Elements ************
2023-10-24 08:33:20 AM: INFO: ************ Verifying Quality Assurance Elements ************
2023-10-24 08:33:54 AM: INFO: ************ Verifying Quality Assurance Elements ************
2023-10-24 08:50:22 AM: INFO: ************ Verifying Quality Assurance Elements ************
2023-10-24 08:51:56 AM: INFO: ************ Verifying Quality Assurance Elements ************
2023-10-24 17:14:51 PM: INFO: ************ Test_001_Career ************
2023-10-24 17:14:51 PM: INFO: ************ Verifying Careers Page Teams Element ************
2023-10-24 17:14:56 PM: INFO: ************ Test_002_Career ************
2023-10-24 17:14:56 PM: INFO: ************ Verifying Careers Page Life at Insider Element ************
2023-10-24 17:15:00 PM: INFO: ************ Careers Page life_insider == Life at Insider text ************
2023-10-24 17:16:32 PM: INFO: ************ Test_002_Career ************
2023-10-24 17:16:32 PM: INFO: ************ Test_001_Career ************
2023-10-24 17:16:32 PM: INFO: ************ Verifying Careers Page Life at Insider Element ************
2023-10-24 17:16:32 PM: INFO: ************ Verifying Careers Page Teams Element ************
2023-10-24 17:16:36 PM: INFO: ************ Careers Page life_insider == Life at Insider text ************
2023-10-24 17:18:41 PM: INFO: ************ Test_002_Career ************
2023-10-24 17:18:41 PM: INFO: ************ Verifying Careers Page Life at Insider Element ************
2023-10-24 17:18:41 PM: INFO: ************ Test_001_Career ************
2023-10-24 17:18:41 PM: INFO: ************ Verifying Careers Page Teams Element ************
2023-10-24 17:18:45 PM: INFO: ************ Careers Page life_insider == Life at Insider text ************
2023-10-24 17:19:50 PM: INFO: ************ Test_001_Career ************
2023-10-24 17:19:50 PM: INFO: ************ Verifying Careers Page Life at Insider Element ************
2023-10-24 17:19:50 PM: INFO: ************ Verifying Careers Page Teams Element ************
2023-10-24 17:19:54 PM: INFO: ************ Careers Page See all teams has teams in the text ************
2023-10-24 17:19:54 PM: INFO: ************ Careers Page life_insider == Life at Insider text ************
2023-10-24 17:21:25 PM: INFO: ************ Test_002_Career ************
2023-10-24 17:21:25 PM: INFO: ************ Test_001_Career ************
2023-10-24 17:21:25 PM: INFO: ************ Verifying Careers Page Life at Insider Element ************
2023-10-24 17:21:25 PM: INFO: ************ Verifying Careers Page Teams Element ************
2023-10-24 17:21:29 PM: INFO: ************ Careers Page life_insider == Life at Insider text ************
2023-10-24 17:21:30 PM: INFO: ************ Careers Page See all teams has teams in the text ************
2023-10-24 17:22:03 PM: INFO: ************ Test_001_Career ************
2023-10-24 17:22:03 PM: INFO: ************ Verifying Careers Page Teams Element ************
2023-10-24 17:22:03 PM: INFO: ************ Test_002_Career ************
2023-10-24 17:22:03 PM: INFO: ************ Verifying Careers Page Life at Insider Element ************
2023-10-24 17:22:07 PM: INFO: ************ Careers Page life_insider == Life at Insider text ************
2023-10-24 17:22:07 PM: INFO: ************ Careers Page See all teams has teams in the text ************
2023-10-24 17:23:42 PM: INFO: ************ Test_002_Career ************
2023-10-24 17:23:42 PM: INFO: ************ Verifying Careers Page Life at Insider Element ************
2023-10-24 17:23:42 PM: INFO: ************ Test_001_Career ************
2023-10-24 17:23:42 PM: INFO: ************ Verifying Careers Page Teams Element ************
2023-10-24 17:23:46 PM: INFO: ************ Careers Page See all teams has teams in the text ************
2023-10-24 17:23:47 PM: INFO: ************ Careers Page life_insider == Life at Insider text ************
2023-10-24 17:28:33 PM: INFO: ************ Test_001_Career ************
2023-10-24 17:28:33 PM: INFO: ************ Verifying Careers Page Life at Insider Element ************
2023-10-24 17:28:33 PM: INFO: ************ Verifying Careers Page Teams Element ************
2023-10-24 17:28:37 PM: ERROR: ************ Careers Page life_insider != Life at Insider text ************
2023-10-24 17:28:38 PM: INFO: ************ Careers Page See all teams has teams in the text ************
2023-10-24 17:29:08 PM: INFO: ************ Test_001_Career ************
2023-10-24 17:29:08 PM: INFO: ************ Verifying Careers Page Teams Element ************
2023-10-24 17:29:12 PM: INFO: ************ Careers Page See all teams has teams in the text ************
2023-10-24 17:29:13 PM: INFO: ************ Test_002_Career ************
2023-10-24 17:29:13 PM: INFO: ************ Verifying Careers Page Life at Insider Element ************
2023-10-24 17:29:17 PM: ERROR: ************ Careers Page life_insider != Life at Insider text ************
2023-10-24 17:32:04 PM: INFO: ************ Test_001_Career ************
2023-10-24 17:32:04 PM: INFO: ************ Verifying Careers Page Teams Element ************
2023-10-24 17:32:08 PM: INFO: ************ Careers Page See all teams has teams in the text ************
2023-10-24 17:32:09 PM: INFO: ************ Test_002_Career ************
2023-10-24 17:32:09 PM: INFO: ************ Verifying Careers Page Life at Insider Element ************
2023-10-24 17:32:13 PM: INFO: ************ Careers Page life_insider == Life at Insider text ************
2023-10-24 17:34:26 PM: INFO: ************ Test_001_Home ************
2023-10-24 17:34:26 PM: INFO: ************ Verifying Home Page Title ************
2023-10-24 17:34:29 PM: INFO: ************ Home Page Title test is passed ************
2023-10-24 17:34:31 PM: INFO: ************ Test_002_Home ************
2023-10-24 17:34:31 PM: INFO: ************ Verifying Careers Page Title ************
2023-10-24 17:34:36 PM: INFO: ************ Careers Page Title test is passed ************
2023-10-24 17:44:17 PM: INFO: ************ Verifying Quality Assurance Elements ************
2023-10-24 17:44:58 PM: INFO: ************ Verifying Quality Assurance Elements ************
2023-10-24 17:45:52 PM: INFO: ************ Verifying Quality Assurance Elements ************
2023-10-24 17:47:08 PM: INFO: ************ Verifying Quality Assurance Elements ************
2023-10-24 17:47:59 PM: INFO: ************ Verifying Quality Assurance Elements ************
2023-10-24 17:48:43 PM: INFO: ************ Verifying Quality Assurance Elements ************
2023-10-24 18:00:25 PM: INFO: ************ Test_001_Quality_Assurance ************
2023-10-24 18:00:25 PM: INFO: ************ Verifying Quality Assurance Job List ************
2023-10-24 18:00:34 PM: INFO: ************ Quality Assurance Job List has elements ************
2023-10-24 20:08:40 PM: INFO: ************ Test_001_Career ************
2023-10-24 20:08:40 PM: INFO: ************ Verifying Careers Page Teams Element ************
2023-10-24 20:08:44 PM: INFO: ************ Careers Page See all teams has teams in the text ************
2023-10-24 20:08:46 PM: INFO: ************ Test_002_Career ************
2023-10-24 20:08:46 PM: INFO: ************ Verifying Careers Page Life at Insider Element ************
2023-10-24 20:08:49 PM: INFO: ************ Careers Page life_insider == Life at Insider text ************
2023-10-24 20:08:51 PM: INFO: ************ Test_002_Home ************
2023-10-24 20:08:51 PM: INFO: ************ Verifying Careers Page Title ************
2023-10-24 20:08:56 PM: INFO: ************ Careers Page Title test is passed ************
2023-10-24 20:08:58 PM: INFO: ************ Test_001_Quality_Assurance ************
2023-10-24 20:08:58 PM: INFO: ************ Verifying Quality Assurance Job List ************
2023-10-24 20:09:08 PM: INFO: ************ Quality Assurance Job List has elements ************
2023-10-24 20:11:17 PM: INFO: ************ Test_001_Home ************
2023-10-24 20:11:17 PM: INFO: ************ Verifying Home Page Title ************
2023-10-24 20:11:20 PM: INFO: ************ Home Page Title test is passed ************
2023-10-24 20:11:22 PM: INFO: ************ Test_001_Quality_Assurance ************
2023-10-24 20:11:22 PM: INFO: ************ Verifying Quality Assurance Job List ************
2023-10-24 20:11:32 PM: INFO: ************ Quality Assurance Job List has elements ************
2023-10-24 20:16:42 PM: INFO: ************ Test_001_Quality_Assurance ************
2023-10-24 20:16:42 PM: INFO: ************ Verifying Quality Assurance Job List ************
2023-10-24 20:16:52 PM: INFO: ************ Quality Assurance Job List has elements ************
